<?xml version="1.0" encoding="UTF-8"?>
<!-- Generated by org.testng.reporters.JUnitReportReporter -->
<testsuite hostname="baris" failures="0" tests="1" name="tests.HomepageTest" time="5.580" errors="0" timestamp="2025-07-29T21:59:12 TRT" skipped="0">
  <testcase classname="tests.HomepageTest" name="testHomePage" time="5.580"/>
</testsuite> <!-- tests.HomepageTest -->
